<?xml version="1.0" encoding="UTF-8"?>
<!-- Generated by org.testng.reporters.JUnitXMLReporter -->
<testsuite hostname="AmiraElBahrawy" name="Default test" tests="3" failures="0" timestamp="1 Mar 2021 00:22:39 GMT" time="4.747" errors="0">
  <testcase name="createPost" time="3.617" classname="tests.PostsRequests"/>
  <testcase name="getAllPosts" time="0.606" classname="tests.PostsRequests"/>
  <testcase name="getSpecificPost" time="0.513" classname="tests.PostsRequests"/>
</testsuite> <!-- Default test -->
