<?xml version="1.0" encoding="UTF-8"?>
<!-- Generated by org.testng.reporters.JUnitXMLReporter -->
<testsuite hostname="AmiraElBahrawy" name="Test" tests="5" failures="0" timestamp="1 Mar 2021 00:40:54 GMT" time="5.683" errors="0">
  <testcase name="getAllUsers" time="3.342" classname="tests.Requests"/>
  <testcase name="getSpecificUser" time="0.567" classname="tests.Requests"/>
  <testcase name="createPost" time="0.752" classname="tests.Requests"/>
  <testcase name="getAllPosts" time="0.545" classname="tests.Requests"/>
  <testcase name="getSpecificPost" time="0.462" classname="tests.Requests"/>
</testsuite> <!-- Test -->
